This file contains any messages produced by compilers while
running configure, to aid debugging if configure makes a mistake.

It was created by soli configure 0.1, which was
generated by GNU Autoconf 2.69.  Invocation command line was

  $ /home/david/projects/soli/configure --enable-maintainer-mode CFLAGS=-g -O0 CXXFLAGS=-g -O0 JFLAGS=-g -O0 FFLAGS=-g -O0

## --------- ##
## Platform. ##
## --------- ##

hostname = wolverine
uname -m = x86_64
uname -r = 4.6.4-1-ARCH
uname -s = Linux
uname -v = #1 SMP PREEMPT Mon Jul 11 19:12:32 CEST 2016

/usr/bin/uname -p = unknown
/bin/uname -X     = unknown

/bin/arch              = unknown
/usr/bin/arch -k       = unknown
/usr/convex/getsysinfo = unknown
/usr/bin/hostinfo      = unknown
/bin/machine           = unknown
/usr/bin/oslevel       = unknown
/bin/universe          = unknown

PATH: /usr/local/sbin
PATH: /usr/local/bin
PATH: /usr/bin
PATH: /usr/lib/jvm/default/bin
PATH: /usr/bin/site_perl
PATH: /usr/bin/vendor_perl
PATH: /usr/bin/core_perl
PATH: /home/david/bin


## ----------- ##
## Core tests. ##
## ----------- ##

configure:2184: checking for a BSD-compatible install
configure:2252: result: /usr/bin/install -c
configure:2263: checking whether build environment is sane
configure:2318: result: yes
configure:2469: checking for a thread-safe mkdir -p
configure:2508: result: /usr/bin/mkdir -p
configure:2515: checking for gawk
configure:2531: found /usr/bin/gawk
configure:2542: result: gawk
configure:2553: checking whether make sets $(MAKE)
configure:2575: result: yes
configure:2604: checking whether make supports nested variables
configure:2621: result: yes
configure:2759: checking whether make supports nested variables
configure:2776: result: yes
configure:2836: checking for gcc
configure:2852: found /usr/bin/gcc
configure:2863: result: gcc
configure:3092: checking for C compiler version
configure:3101: gcc --version >&5
gcc (GCC) 6.1.1 20160802
Copyright (C) 2016 Free Software Foundation, Inc.
This is free software; see the source for copying conditions.  There is NO
warranty; not even for MERCHANTABILITY or FITNESS FOR A PARTICULAR PURPOSE.

configure:3112: $? = 0
configure:3101: gcc -v >&5
Using built-in specs.
COLLECT_GCC=gcc
COLLECT_LTO_WRAPPER=/usr/lib/gcc/x86_64-pc-linux-gnu/6.1.1/lto-wrapper
Target: x86_64-pc-linux-gnu
Configured with: /build/gcc/src/gcc/configure --prefix=/usr --libdir=/usr/lib --libexecdir=/usr/lib --mandir=/usr/share/man --infodir=/usr/share/info --with-bugurl=https://bugs.archlinux.org/ --enable-languages=c,c++,ada,fortran,go,lto,objc,obj-c++ --enable-shared --enable-threads=posix --enable-libmpx --with-system-zlib --with-isl --enable-__cxa_atexit --disable-libunwind-exceptions --enable-clocale=gnu --disable-libstdcxx-pch --disable-libssp --enable-gnu-unique-object --enable-linker-build-id --enable-lto --enable-plugin --enable-install-libiberty --with-linker-hash-style=gnu --enable-gnu-indirect-function --disable-multilib --disable-werror --enable-checking=release
Thread model: posix
gcc version 6.1.1 20160802 (GCC) 
configure:3112: $? = 0
configure:3101: gcc -V >&5
gcc: error: unrecognized command line option '-V'
gcc: fatal error: no input files
compilation terminated.
configure:3112: $? = 1
configure:3101: gcc -qversion >&5
gcc: error: unrecognized command line option '-qversion'; did you mean '--version'?
gcc: fatal error: no input files
compilation terminated.
configure:3112: $? = 1
configure:3132: checking whether the C compiler works
configure:3154: gcc -g -O0   conftest.c  >&5
configure:3158: $? = 0
configure:3206: result: yes
configure:3209: checking for C compiler default output file name
configure:3211: result: a.out
configure:3217: checking for suffix of executables
configure:3224: gcc -o conftest -g -O0   conftest.c  >&5
configure:3228: $? = 0
configure:3250: result: 
configure:3272: checking whether we are cross compiling
configure:3280: gcc -o conftest -g -O0   conftest.c  >&5
configure:3284: $? = 0
configure:3291: ./conftest
configure:3295: $? = 0
configure:3310: result: no
configure:3315: checking for suffix of object files
configure:3337: gcc -c -g -O0  conftest.c >&5
configure:3341: $? = 0
configure:3362: result: o
configure:3366: checking whether we are using the GNU C compiler
configure:3385: gcc -c -g -O0  conftest.c >&5
configure:3385: $? = 0
configure:3394: result: yes
configure:3403: checking whether gcc accepts -g
configure:3423: gcc -c -g  conftest.c >&5
configure:3423: $? = 0
configure:3464: result: yes
configure:3481: checking for gcc option to accept ISO C89
configure:3544: gcc  -c -g -O0  conftest.c >&5
configure:3544: $? = 0
configure:3557: result: none needed
configure:3582: checking whether gcc understands -c and -o together
configure:3604: gcc -c conftest.c -o conftest2.o
configure:3607: $? = 0
configure:3604: gcc -c conftest.c -o conftest2.o
configure:3607: $? = 0
configure:3619: result: yes
configure:3647: checking for style of include used by make
configure:3675: result: GNU
configure:3701: checking dependency style of gcc
configure:3812: result: gcc3
configure:3864: checking build system type
configure:3878: result: x86_64-unknown-linux-gnu
configure:3898: checking host system type
configure:3911: result: x86_64-unknown-linux-gnu
configure:3952: checking how to print strings
configure:3979: result: printf
configure:4000: checking for a sed that does not truncate output
configure:4064: result: /usr/bin/sed
configure:4082: checking for grep that handles long lines and -e
configure:4140: result: /usr/bin/grep
configure:4145: checking for egrep
configure:4207: result: /usr/bin/grep -E
configure:4212: checking for fgrep
configure:4274: result: /usr/bin/grep -F
configure:4309: checking for ld used by gcc
configure:4376: result: /usr/bin/ld
configure:4383: checking if the linker (/usr/bin/ld) is GNU ld
configure:4398: result: yes
configure:4410: checking for BSD- or MS-compatible name lister (nm)
configure:4464: result: /usr/bin/nm -B
configure:4594: checking the name lister (/usr/bin/nm -B) interface
configure:4601: gcc -c -g -O0  conftest.c >&5
configure:4604: /usr/bin/nm -B "conftest.o"
configure:4607: output
0000000000000000 B some_variable
configure:4614: result: BSD nm
configure:4617: checking whether ln -s works
configure:4621: result: yes
configure:4629: checking the maximum length of command line arguments
configure:4760: result: 1572864
configure:4808: checking how to convert x86_64-unknown-linux-gnu file names to x86_64-unknown-linux-gnu format
configure:4848: result: func_convert_file_noop
configure:4855: checking how to convert x86_64-unknown-linux-gnu file names to toolchain format
configure:4875: result: func_convert_file_noop
configure:4882: checking for /usr/bin/ld option to reload object files
configure:4889: result: -r
configure:4963: checking for objdump
configure:4979: found /usr/bin/objdump
configure:4990: result: objdump
configure:5022: checking how to recognize dependent libraries
configure:5222: result: pass_all
configure:5307: checking for dlltool
configure:5337: result: no
configure:5367: checking how to associate runtime and link libraries
configure:5394: result: printf %s\n
configure:5455: checking for ar
configure:5471: found /usr/bin/ar
configure:5482: result: ar
configure:5519: checking for archiver @FILE support
configure:5536: gcc -c -g -O0  conftest.c >&5
configure:5536: $? = 0
configure:5539: ar cru libconftest.a @conftest.lst >&5
ar: `u' modifier ignored since `D' is the default (see `U')
configure:5542: $? = 0
configure:5547: ar cru libconftest.a @conftest.lst >&5
ar: `u' modifier ignored since `D' is the default (see `U')
ar: conftest.o: No such file or directory
configure:5550: $? = 1
configure:5562: result: @
configure:5620: checking for strip
configure:5636: found /usr/bin/strip
configure:5647: result: strip
configure:5719: checking for ranlib
configure:5735: found /usr/bin/ranlib
configure:5746: result: ranlib
configure:5848: checking command to parse /usr/bin/nm -B output from gcc object
configure:6001: gcc -c -g -O0  conftest.c >&5
configure:6004: $? = 0
configure:6008: /usr/bin/nm -B conftest.o \| sed -n -e 's/^.*[ ]\([ABCDGIRSTW][ABCDGIRSTW]*\)[ ][ ]*\([_A-Za-z][_A-Za-z0-9]*\)$/\1 \2 \2/p' | sed '/ __gnu_lto/d' \> conftest.nm
configure:6011: $? = 0
configure:6077: gcc -o conftest -g -O0   conftest.c conftstm.o >&5
configure:6080: $? = 0
configure:6118: result: ok
configure:6165: checking for sysroot
configure:6195: result: no
configure:6202: checking for a working dd
configure:6240: result: /usr/bin/dd
configure:6244: checking how to truncate binary pipes
configure:6259: result: /usr/bin/dd bs=4096 count=1
configure:6395: gcc -c -g -O0  conftest.c >&5
configure:6398: $? = 0
configure:6588: checking for mt
configure:6618: result: no
configure:6638: checking if : is a manifest tool
configure:6644: : '-?'
configure:6652: result: no
configure:7329: checking how to run the C preprocessor
configure:7360: gcc -E  conftest.c
configure:7360: $? = 0
configure:7374: gcc -E  conftest.c
conftest.c:11:28: fatal error: ac_nonexistent.h: No such file or directory
 #include <ac_nonexistent.h>
                            ^
compilation terminated.
configure:7374: $? = 1
configure: failed program was:
| /* confdefs.h */
| #define PACKAGE_NAME "soli"
| #define PACKAGE_TARNAME "soli"
| #define PACKAGE_VERSION "0.1"
| #define PACKAGE_STRING "soli 0.1"
| #define PACKAGE_BUGREPORT ""
| #define PACKAGE_URL ""
| #define PACKAGE "soli"
| #define VERSION "0.1"
| /* end confdefs.h.  */
| #include <ac_nonexistent.h>
configure:7399: result: gcc -E
configure:7419: gcc -E  conftest.c
configure:7419: $? = 0
configure:7433: gcc -E  conftest.c
conftest.c:11:28: fatal error: ac_nonexistent.h: No such file or directory
 #include <ac_nonexistent.h>
                            ^
compilation terminated.
configure:7433: $? = 1
configure: failed program was:
| /* confdefs.h */
| #define PACKAGE_NAME "soli"
| #define PACKAGE_TARNAME "soli"
| #define PACKAGE_VERSION "0.1"
| #define PACKAGE_STRING "soli 0.1"
| #define PACKAGE_BUGREPORT ""
| #define PACKAGE_URL ""
| #define PACKAGE "soli"
| #define VERSION "0.1"
| /* end confdefs.h.  */
| #include <ac_nonexistent.h>
configure:7462: checking for ANSI C header files
configure:7482: gcc -c -g -O0  conftest.c >&5
configure:7482: $? = 0
configure:7555: gcc -o conftest -g -O0   conftest.c  >&5
configure:7555: $? = 0
configure:7555: ./conftest
configure:7555: $? = 0
configure:7566: result: yes
configure:7579: checking for sys/types.h
configure:7579: gcc -c -g -O0  conftest.c >&5
configure:7579: $? = 0
configure:7579: result: yes
configure:7579: checking for sys/stat.h
configure:7579: gcc -c -g -O0  conftest.c >&5
configure:7579: $? = 0
configure:7579: result: yes
configure:7579: checking for stdlib.h
configure:7579: gcc -c -g -O0  conftest.c >&5
configure:7579: $? = 0
configure:7579: result: yes
configure:7579: checking for string.h
configure:7579: gcc -c -g -O0  conftest.c >&5
configure:7579: $? = 0
configure:7579: result: yes
configure:7579: checking for memory.h
configure:7579: gcc -c -g -O0  conftest.c >&5
configure:7579: $? = 0
configure:7579: result: yes
configure:7579: checking for strings.h
configure:7579: gcc -c -g -O0  conftest.c >&5
configure:7579: $? = 0
configure:7579: result: yes
configure:7579: checking for inttypes.h
configure:7579: gcc -c -g -O0  conftest.c >&5
configure:7579: $? = 0
configure:7579: result: yes
configure:7579: checking for stdint.h
configure:7579: gcc -c -g -O0  conftest.c >&5
configure:7579: $? = 0
configure:7579: result: yes
configure:7579: checking for unistd.h
configure:7579: gcc -c -g -O0  conftest.c >&5
configure:7579: $? = 0
configure:7579: result: yes
configure:7593: checking for dlfcn.h
configure:7593: gcc -c -g -O0  conftest.c >&5
configure:7593: $? = 0
configure:7593: result: yes
configure:7849: checking for objdir
configure:7864: result: .libs
configure:8124: checking if gcc supports -fno-rtti -fno-exceptions
configure:8142: gcc -c -g -O0  -fno-rtti -fno-exceptions conftest.c >&5
cc1: warning: command line option '-fno-rtti' is valid for C++/ObjC++ but not for C
configure:8146: $? = 0
configure:8159: result: no
configure:8517: checking for gcc option to produce PIC
configure:8524: result: -fPIC -DPIC
configure:8532: checking if gcc PIC flag -fPIC -DPIC works
configure:8550: gcc -c -g -O0  -fPIC -DPIC -DPIC conftest.c >&5
configure:8554: $? = 0
configure:8567: result: yes
configure:8596: checking if gcc static flag -static works
configure:8624: result: yes
configure:8639: checking if gcc supports -c -o file.o
configure:8660: gcc -c -g -O0  -o out/conftest2.o conftest.c >&5
configure:8664: $? = 0
configure:8686: result: yes
configure:8694: checking if gcc supports -c -o file.o
configure:8741: result: yes
configure:8774: checking whether the gcc linker (/usr/bin/ld -m elf_x86_64) supports shared libraries
configure:10033: result: yes
configure:10070: checking whether -lc should be explicitly linked in
configure:10078: gcc -c -g -O0  conftest.c >&5
configure:10081: $? = 0
configure:10096: gcc -shared  -fPIC -DPIC conftest.o  -v -Wl,-soname -Wl,conftest -o conftest 2\>\&1 \| /usr/bin/grep  -lc  \>/dev/null 2\>\&1
configure:10099: $? = 0
configure:10113: result: no
configure:10273: checking dynamic linker characteristics
configure:10854: gcc -o conftest -g -O0   -Wl,-rpath -Wl,/foo conftest.c  >&5
configure:10854: $? = 0
configure:11091: result: GNU/Linux ld.so
configure:11213: checking how to hardcode library paths into programs
configure:11238: result: immediate
configure:11786: checking whether stripping libraries is possible
configure:11791: result: yes
configure:11826: checking if libtool supports shared libraries
configure:11828: result: yes
configure:11831: checking whether to build shared libraries
configure:11856: result: yes
configure:11859: checking whether to build static libraries
configure:11863: result: yes
configure:11956: checking for pkg-config
configure:11974: found /usr/bin/pkg-config
configure:11986: result: /usr/bin/pkg-config
configure:12011: checking pkg-config is at least version 0.9.0
configure:12014: result: yes
configure:12024: checking for SOLI
configure:12031: $PKG_CONFIG --exists --print-errors "gtk+-3.0 >= 2.90.3 "
configure:12034: $? = 0
configure:12048: $PKG_CONFIG --exists --print-errors "gtk+-3.0 >= 2.90.3 "
configure:12051: $? = 0
configure:12109: result: yes
configure:12228: checking that generated files are newer than configure
configure:12234: result: done
configure:12257: creating ./config.status

## ---------------------- ##
## Running config.status. ##
## ---------------------- ##

This file was extended by soli config.status 0.1, which was
generated by GNU Autoconf 2.69.  Invocation command line was

  CONFIG_FILES    = 
  CONFIG_HEADERS  = 
  CONFIG_LINKS    = 
  CONFIG_COMMANDS = 
  $ ./config.status 

on wolverine

config.status:1093: creating Makefile
config.status:1093: creating src/Makefile
config.status:1093: creating config.h
config.status:1307: executing depfiles commands
config.status:1307: executing libtool commands
configure:14397: WARNING: unrecognized options: --enable-maintainer-mode

## ---------------- ##
## Cache variables. ##
## ---------------- ##

ac_cv_build=x86_64-unknown-linux-gnu
ac_cv_c_compiler_gnu=yes
ac_cv_env_CC_set=
ac_cv_env_CC_value=
ac_cv_env_CFLAGS_set=set
ac_cv_env_CFLAGS_value='-g -O0'
ac_cv_env_CPPFLAGS_set=
ac_cv_env_CPPFLAGS_value=
ac_cv_env_CPP_set=
ac_cv_env_CPP_value=
ac_cv_env_LDFLAGS_set=
ac_cv_env_LDFLAGS_value=
ac_cv_env_LIBS_set=
ac_cv_env_LIBS_value=
ac_cv_env_LT_SYS_LIBRARY_PATH_set=
ac_cv_env_LT_SYS_LIBRARY_PATH_value=
ac_cv_env_PKG_CONFIG_LIBDIR_set=
ac_cv_env_PKG_CONFIG_LIBDIR_value=
ac_cv_env_PKG_CONFIG_PATH_set=
ac_cv_env_PKG_CONFIG_PATH_value=
ac_cv_env_PKG_CONFIG_set=
ac_cv_env_PKG_CONFIG_value=
ac_cv_env_SOLI_CFLAGS_set=
ac_cv_env_SOLI_CFLAGS_value=
ac_cv_env_SOLI_LIBS_set=
ac_cv_env_SOLI_LIBS_value=
ac_cv_env_build_alias_set=
ac_cv_env_build_alias_value=
ac_cv_env_host_alias_set=
ac_cv_env_host_alias_value=
ac_cv_env_target_alias_set=
ac_cv_env_target_alias_value=
ac_cv_header_dlfcn_h=yes
ac_cv_header_inttypes_h=yes
ac_cv_header_memory_h=yes
ac_cv_header_stdc=yes
ac_cv_header_stdint_h=yes
ac_cv_header_stdlib_h=yes
ac_cv_header_string_h=yes
ac_cv_header_strings_h=yes
ac_cv_header_sys_stat_h=yes
ac_cv_header_sys_types_h=yes
ac_cv_header_unistd_h=yes
ac_cv_host=x86_64-unknown-linux-gnu
ac_cv_objext=o
ac_cv_path_EGREP='/usr/bin/grep -E'
ac_cv_path_FGREP='/usr/bin/grep -F'
ac_cv_path_GREP=/usr/bin/grep
ac_cv_path_SED=/usr/bin/sed
ac_cv_path_ac_pt_PKG_CONFIG=/usr/bin/pkg-config
ac_cv_path_install='/usr/bin/install -c'
ac_cv_path_lt_DD=/usr/bin/dd
ac_cv_path_mkdir=/usr/bin/mkdir
ac_cv_prog_AWK=gawk
ac_cv_prog_CPP='gcc -E'
ac_cv_prog_ac_ct_AR=ar
ac_cv_prog_ac_ct_CC=gcc
ac_cv_prog_ac_ct_OBJDUMP=objdump
ac_cv_prog_ac_ct_RANLIB=ranlib
ac_cv_prog_ac_ct_STRIP=strip
ac_cv_prog_cc_c89=
ac_cv_prog_cc_g=yes
ac_cv_prog_make_make_set=yes
am_cv_CC_dependencies_compiler_type=gcc3
am_cv_make_support_nested_variables=yes
am_cv_prog_cc_c_o=yes
lt_cv_ar_at_file=@
lt_cv_archive_cmds_need_lc=no
lt_cv_deplibs_check_method=pass_all
lt_cv_file_magic_cmd='$MAGIC_CMD'
lt_cv_file_magic_test_file=
lt_cv_ld_reload_flag=-r
lt_cv_nm_interface='BSD nm'
lt_cv_objdir=.libs
lt_cv_path_LD=/usr/bin/ld
lt_cv_path_NM='/usr/bin/nm -B'
lt_cv_path_mainfest_tool=no
lt_cv_prog_compiler_c_o=yes
lt_cv_prog_compiler_pic='-fPIC -DPIC'
lt_cv_prog_compiler_pic_works=yes
lt_cv_prog_compiler_rtti_exceptions=no
lt_cv_prog_compiler_static_works=yes
lt_cv_prog_gnu_ld=yes
lt_cv_sharedlib_from_linklib_cmd='printf %s\n'
lt_cv_shlibpath_overrides_runpath=no
lt_cv_sys_global_symbol_pipe='sed -n -e '\''s/^.*[	 ]\([ABCDGIRSTW][ABCDGIRSTW]*\)[	 ][	 ]*\([_A-Za-z][_A-Za-z0-9]*\)$/\1 \2 \2/p'\'' | sed '\''/ __gnu_lto/d'\'''
lt_cv_sys_global_symbol_to_c_name_address='sed -n -e '\''s/^: \(.*\) .*$/  {"\1", (void *) 0},/p'\'' -e '\''s/^[ABCDGIRSTW][ABCDGIRSTW]* .* \(.*\)$/  {"\1", (void *) \&\1},/p'\'''
lt_cv_sys_global_symbol_to_c_name_address_lib_prefix='sed -n -e '\''s/^: \(.*\) .*$/  {"\1", (void *) 0},/p'\'' -e '\''s/^[ABCDGIRSTW][ABCDGIRSTW]* .* \(lib.*\)$/  {"\1", (void *) \&\1},/p'\'' -e '\''s/^[ABCDGIRSTW][ABCDGIRSTW]* .* \(.*\)$/  {"lib\1", (void *) \&\1},/p'\'''
lt_cv_sys_global_symbol_to_cdecl='sed -n -e '\''s/^T .* \(.*\)$/extern int \1();/p'\'' -e '\''s/^[ABCDGIRSTW][ABCDGIRSTW]* .* \(.*\)$/extern char \1;/p'\'''
lt_cv_sys_global_symbol_to_import=
lt_cv_sys_max_cmd_len=1572864
lt_cv_to_host_file_cmd=func_convert_file_noop
lt_cv_to_tool_file_cmd=func_convert_file_noop
lt_cv_truncate_bin='/usr/bin/dd bs=4096 count=1'
pkg_cv_SOLI_CFLAGS='-pthread -I/usr/include/gtk-3.0 -I/usr/include/at-spi2-atk/2.0 -I/usr/include/at-spi-2.0 -I/usr/include/dbus-1.0 -I/usr/lib/dbus-1.0/include -I/usr/include/gtk-3.0 -I/usr/include/gio-unix-2.0/ -I/usr/include/cairo -I/usr/include/pango-1.0 -I/usr/include/atk-1.0 -I/usr/include/cairo -I/usr/include/pixman-1 -I/usr/include/freetype2 -I/usr/include/libpng16 -I/usr/include/harfbuzz -I/usr/include/glib-2.0 -I/usr/lib/glib-2.0/include -I/usr/include/freetype2 -I/usr/include/harfbuzz -I/usr/include/libdrm -I/usr/include/libpng16 -I/usr/include/gdk-pixbuf-2.0 -I/usr/include/libpng16 -I/usr/include/glib-2.0 -I/usr/lib/glib-2.0/include'
pkg_cv_SOLI_LIBS='-lgtk-3 -lgdk-3 -lpangocairo-1.0 -lpango-1.0 -latk-1.0 -lcairo-gobject -lcairo -lgdk_pixbuf-2.0 -lgio-2.0 -lgobject-2.0 -lglib-2.0'

## ----------------- ##
## Output variables. ##
## ----------------- ##

ACLOCAL='${SHELL} /home/david/projects/soli/missing aclocal-1.15'
AMDEPBACKSLASH='\'
AMDEP_FALSE='#'
AMDEP_TRUE=''
AMTAR='$${TAR-tar}'
AM_BACKSLASH='\'
AM_DEFAULT_V='$(AM_DEFAULT_VERBOSITY)'
AM_DEFAULT_VERBOSITY='0'
AM_V='$(V)'
AR='ar'
AUTOCONF='${SHELL} /home/david/projects/soli/missing autoconf'
AUTOHEADER='${SHELL} /home/david/projects/soli/missing autoheader'
AUTOMAKE='${SHELL} /home/david/projects/soli/missing automake-1.15'
AWK='gawk'
CC='gcc'
CCDEPMODE='depmode=gcc3'
CFLAGS='-g -O0'
CPP='gcc -E'
CPPFLAGS=''
CYGPATH_W='echo'
DEFS='-DHAVE_CONFIG_H'
DEPDIR='.deps'
DLLTOOL='false'
DSYMUTIL=''
DUMPBIN=''
ECHO_C=''
ECHO_N='-n'
ECHO_T=''
EGREP='/usr/bin/grep -E'
EXEEXT=''
FGREP='/usr/bin/grep -F'
GREP='/usr/bin/grep'
INSTALL_DATA='${INSTALL} -m 644'
INSTALL_PROGRAM='${INSTALL}'
INSTALL_SCRIPT='${INSTALL}'
INSTALL_STRIP_PROGRAM='$(install_sh) -c -s'
LD='/usr/bin/ld -m elf_x86_64'
LDFLAGS=''
LIBOBJS=''
LIBS=''
LIBTOOL='$(SHELL) $(top_builddir)/libtool'
LIPO=''
LN_S='ln -s'
LTLIBOBJS=''
LT_SYS_LIBRARY_PATH=''
MAKEINFO='${SHELL} /home/david/projects/soli/missing makeinfo'
MANIFEST_TOOL=':'
MKDIR_P='/usr/bin/mkdir -p'
NM='/usr/bin/nm -B'
NMEDIT=''
OBJDUMP='objdump'
OBJEXT='o'
OTOOL64=''
OTOOL=''
PACKAGE='soli'
PACKAGE_BUGREPORT=''
PACKAGE_NAME='soli'
PACKAGE_STRING='soli 0.1'
PACKAGE_TARNAME='soli'
PACKAGE_URL=''
PACKAGE_VERSION='0.1'
PATH_SEPARATOR=':'
PKG_CONFIG='/usr/bin/pkg-config'
PKG_CONFIG_LIBDIR=''
PKG_CONFIG_PATH=''
RANLIB='ranlib'
SED='/usr/bin/sed'
SET_MAKE=''
SHELL='/bin/sh'
SOLI_CFLAGS='-pthread -I/usr/include/gtk-3.0 -I/usr/include/at-spi2-atk/2.0 -I/usr/include/at-spi-2.0 -I/usr/include/dbus-1.0 -I/usr/lib/dbus-1.0/include -I/usr/include/gtk-3.0 -I/usr/include/gio-unix-2.0/ -I/usr/include/cairo -I/usr/include/pango-1.0 -I/usr/include/atk-1.0 -I/usr/include/cairo -I/usr/include/pixman-1 -I/usr/include/freetype2 -I/usr/include/libpng16 -I/usr/include/harfbuzz -I/usr/include/glib-2.0 -I/usr/lib/glib-2.0/include -I/usr/include/freetype2 -I/usr/include/harfbuzz -I/usr/include/libdrm -I/usr/include/libpng16 -I/usr/include/gdk-pixbuf-2.0 -I/usr/include/libpng16 -I/usr/include/glib-2.0 -I/usr/lib/glib-2.0/include'
SOLI_LIBS='-lgtk-3 -lgdk-3 -lpangocairo-1.0 -lpango-1.0 -latk-1.0 -lcairo-gobject -lcairo -lgdk_pixbuf-2.0 -lgio-2.0 -lgobject-2.0 -lglib-2.0'
STRIP='strip'
VERSION='0.1'
ac_ct_AR='ar'
ac_ct_CC='gcc'
ac_ct_DUMPBIN=''
am__EXEEXT_FALSE=''
am__EXEEXT_TRUE='#'
am__fastdepCC_FALSE='#'
am__fastdepCC_TRUE=''
am__include='include'
am__isrc=' -I$(srcdir)'
am__leading_dot='.'
am__nodep='_no'
am__quote=''
am__tar='$${TAR-tar} chof - "$$tardir"'
am__untar='$${TAR-tar} xf -'
bindir='${exec_prefix}/bin'
build='x86_64-unknown-linux-gnu'
build_alias=''
build_cpu='x86_64'
build_os='linux-gnu'
build_vendor='unknown'
datadir='${datarootdir}'
datarootdir='${prefix}/share'
docdir='${datarootdir}/doc/${PACKAGE_TARNAME}'
dvidir='${docdir}'
exec_prefix='${prefix}'
host='x86_64-unknown-linux-gnu'
host_alias=''
host_cpu='x86_64'
host_os='linux-gnu'
host_vendor='unknown'
htmldir='${docdir}'
includedir='${prefix}/include'
infodir='${datarootdir}/info'
install_sh='${SHELL} /home/david/projects/soli/install-sh'
libdir='${exec_prefix}/lib'
libexecdir='${exec_prefix}/libexec'
localedir='${datarootdir}/locale'
localstatedir='${prefix}/var'
mandir='${datarootdir}/man'
mkdir_p='$(MKDIR_P)'
oldincludedir='/usr/include'
pdfdir='${docdir}'
prefix='/usr/local'
program_transform_name='s,x,x,'
psdir='${docdir}'
sbindir='${exec_prefix}/sbin'
sharedstatedir='${prefix}/com'
sysconfdir='${prefix}/etc'
target_alias=''

## ----------- ##
## confdefs.h. ##
## ----------- ##

/* confdefs.h */
#define PACKAGE_NAME "soli"
#define PACKAGE_TARNAME "soli"
#define PACKAGE_VERSION "0.1"
#define PACKAGE_STRING "soli 0.1"
#define PACKAGE_BUGREPORT ""
#define PACKAGE_URL ""
#define PACKAGE "soli"
#define VERSION "0.1"
#define STDC_HEADERS 1
#define HAVE_SYS_TYPES_H 1
#define HAVE_SYS_STAT_H 1
#define HAVE_STDLIB_H 1
#define HAVE_STRING_H 1
#define HAVE_MEMORY_H 1
#define HAVE_STRINGS_H 1
#define HAVE_INTTYPES_H 1
#define HAVE_STDINT_H 1
#define HAVE_UNISTD_H 1
#define HAVE_DLFCN_H 1
#define LT_OBJDIR ".libs/"

configure: exit 0

## ---------------------- ##
## Running config.status. ##
## ---------------------- ##

This file was extended by soli config.status 0.1, which was
generated by GNU Autoconf 2.69.  Invocation command line was

  CONFIG_FILES    = 
  CONFIG_HEADERS  = 
  CONFIG_LINKS    = 
  CONFIG_COMMANDS = 
  $ ./config.status config.h

on wolverine

config.status:1093: creating config.h
config.status:1259: config.h is unchanged

## ---------------------- ##
## Running config.status. ##
## ---------------------- ##

This file was extended by soli config.status 0.1, which was
generated by GNU Autoconf 2.69.  Invocation command line was

  CONFIG_FILES    = 
  CONFIG_HEADERS  = 
  CONFIG_LINKS    = 
  CONFIG_COMMANDS = 
  $ ./config.status src/Makefile depfiles

on wolverine

config.status:1093: creating src/Makefile
config.status:1307: executing depfiles commands
